<?xml version="1.0" encoding="UTF-8"?>
<testsuite name="com.ohgiraffers.section01.entity.EntityMappingTests" tests="1" skipped="0" failures="0" errors="0" timestamp="2024-02-26T05:03:44" hostname="DESKTOP-AEGDJOH" time="0.09">
  <properties/>
  <testcase name="테이블_만들기_테스트()" classname="com.ohgiraffers.section01.entity.EntityMappingTests" time="0.09"/>
  <system-out><![CDATA[Hibernate: 
    drop table if exists tbl_member_section01
Hibernate: 
    create table tbl_member_section01 (
        member_no integer not null,
        enroll_date datetime(6),
        address varchar(255),
        email varchar(255),
        member_id varchar(255),
        member_pwd varchar(255),
        member_role varchar(255),
        nickname varchar(255),
        phone varchar(255),
        status varchar(255),
        primary key (member_no)
    ) engine=InnoDB
Hibernate: 
    insert 
    into
        tbl_member_section01
        (address, email, enroll_date, member_id, member_pwd, member_role, nickname, phone, status, member_no) 
    values
        (?, ?, ?, ?, ?, ?, ?, ?, ?, ?)
Hibernate: 
    update
        tbl_member_section01 
    set
        address=?,
        email=?,
        enroll_date=?,
        member_id=?,
        member_pwd=?,
        member_role=?,
        nickname=?,
        phone=?,
        status=? 
    where
        member_no=?
]]></system-out>
  <system-err><![CDATA[2월 26, 2024 2:03:43 오후 org.hibernate.jpa.internal.util.LogHelper logPersistenceUnitInformation
INFO: HHH000204: Processing PersistenceUnitInfo [name: jpatest]
2월 26, 2024 2:03:43 오후 org.hibernate.Version logVersion
INFO: HHH000412: Hibernate ORM core version 6.3.1.Final
2월 26, 2024 2:03:43 오후 org.hibernate.jpa.boot.internal.EntityManagerFactoryBuilderImpl lambda$normalizeConnectionAccessUserAndPass$6
WARN: HHH90000021: Encountered deprecated setting [javax.persistence.jdbc.user], use [jakarta.persistence.jdbc.user] instead
2월 26, 2024 2:03:43 오후 org.hibernate.jpa.boot.internal.EntityManagerFactoryBuilderImpl lambda$normalizeConnectionAccessUserAndPass$12
WARN: HHH90000021: Encountered deprecated setting [javax.persistence.jdbc.password], use [jakarta.persistence.jdbc.password] instead
2월 26, 2024 2:03:43 오후 org.hibernate.jpa.boot.internal.EntityManagerFactoryBuilderImpl normalizeDataAccess
WARN: HHH90000021: Encountered deprecated setting [javax.persistence.jdbc.url], use [jakarta.persistence.jdbc.url] instead
2월 26, 2024 2:03:43 오후 org.hibernate.jpa.boot.internal.EntityManagerFactoryBuilderImpl normalizeDataAccess
WARN: HHH90000021: Encountered deprecated setting [javax.persistence.jdbc.driver], use [jakarta.persistence.jdbc.driver] instead
2월 26, 2024 2:03:43 오후 org.hibernate.cache.internal.RegionFactoryInitiator initiateService
INFO: HHH000026: Second-level cache disabled
2월 26, 2024 2:03:43 오후 org.hibernate.engine.jdbc.connections.internal.DriverManagerConnectionProviderImpl configure
WARN: HHH10001002: Using built-in connection pool (not intended for production use)
2월 26, 2024 2:03:43 오후 org.hibernate.engine.jdbc.connections.internal.DriverManagerConnectionProviderImpl buildCreator
INFO: HHH10001005: Loaded JDBC driver class: com.mysql.cj.jdbc.Driver
2월 26, 2024 2:03:43 오후 org.hibernate.engine.jdbc.connections.internal.DriverManagerConnectionProviderImpl buildCreator
INFO: HHH10001012: Connecting with JDBC URL [jdbc:mysql://localhost:3306/menudb]
2월 26, 2024 2:03:43 오후 org.hibernate.engine.jdbc.connections.internal.DriverManagerConnectionProviderImpl buildCreator
INFO: HHH10001001: Connection properties: {password=****, user=swcamp}
2월 26, 2024 2:03:43 오후 org.hibernate.engine.jdbc.connections.internal.DriverManagerConnectionProviderImpl buildCreator
INFO: HHH10001003: Autocommit mode: false
2월 26, 2024 2:03:43 오후 org.hibernate.engine.jdbc.connections.internal.DriverManagerConnectionProviderImpl$PooledConnections <init>
INFO: HHH10001115: Connection pool size: 20 (min=1)
2월 26, 2024 2:03:43 오후 org.hibernate.dialect.Dialect checkVersion
WARN: HHH000511: The 5.5.0 version for [org.hibernate.dialect.MySQLDialect] is no longer supported, hence certain features may not work properly. The minimum supported version is 5.7.0. Check the community dialects project for available legacy versions.
2월 26, 2024 2:03:44 오후 org.hibernate.engine.transaction.jta.platform.internal.JtaPlatformInitiator initiateService
INFO: HHH000489: No JTA platform available (set 'hibernate.transaction.jta.platform' to enable JTA platform integration)
2월 26, 2024 2:03:44 오후 org.hibernate.resource.transaction.backend.jdbc.internal.DdlTransactionIsolatorNonJtaImpl getIsolatedConnection
INFO: HHH10001501: Connection obtained from JdbcConnectionAccess [org.hibernate.engine.jdbc.env.internal.JdbcEnvironmentInitiator$ConnectionProviderJdbcConnectionAccess@3fb450d7] for (non-JTA) DDL execution was not in auto-commit mode; the Connection 'local transaction' will be committed and the Connection will be set into auto-commit mode.
2월 26, 2024 2:03:44 오후 org.hibernate.resource.transaction.backend.jdbc.internal.DdlTransactionIsolatorNonJtaImpl getIsolatedConnection
INFO: HHH10001501: Connection obtained from JdbcConnectionAccess [org.hibernate.engine.jdbc.env.internal.JdbcEnvironmentInitiator$ConnectionProviderJdbcConnectionAccess@4270b142] for (non-JTA) DDL execution was not in auto-commit mode; the Connection 'local transaction' will be committed and the Connection will be set into auto-commit mode.
2월 26, 2024 2:03:44 오후 org.hibernate.engine.jdbc.connections.internal.DriverManagerConnectionProviderImpl$PoolState stop
INFO: HHH10001008: Cleaning up connection pool [jdbc:mysql://localhost:3306/menudb]
]]></system-err>
</testsuite>
